This is XeTeX, Version 3.141592653-2.6-0.999997 (TeX Live 2026/dev/Arch Linux) (preloaded format=xelatex 2026.1.6)  10 JAN 2026 20:00
entering extended mode
 restricted \write18 enabled.
 %&-line parsing enabled.
**basicInfo.tex
(./basicInfo.tex
LaTeX2e <2024-11-01> patch level 2
L3 programming layer <2025-01-18>
)
! Emergency stop.
<*> basicInfo.tex
                 
*** (job aborted, no legal \end found)

 
Here is how much of TeX's memory you used:
 31 strings out of 475816
 589 string characters out of 5774717
 381170 words of memory out of 5000000
 23071 multiletter control sequences out of 15000+600000
 558837 words of font info for 36 fonts, out of 8000000 for 9000
 14 hyphenation exceptions out of 8191
 11i,0n,13p,130b,8s stack positions out of 10000i,1000n,20000p,200000b,200000s
No pages of output.
